<?xml version="1.0" encoding="UTF-8"?>
<testsuite name="com.telerik.filmforum.FilmForumApplicationTests" tests="1" skipped="0" failures="0" errors="0" timestamp="2026-06-18T13:07:55.289Z" hostname="Gabrielas-MacBook-Pro.local" time="0.838">
  <properties/>
  <testcase name="contextLoads()" classname="com.telerik.filmforum.FilmForumApplicationTests" time="0.283"/>
  <system-out><![CDATA[16:07:55.352 [Test worker] INFO org.springframework.test.context.support.AnnotationConfigContextLoaderUtils -- Could not detect default configuration classes for test class [com.telerik.filmforum.FilmForumApplicationTests]: FilmForumApplicationTests does not declare any static, non-private, non-final, nested classes annotated with @Configuration.
16:07:55.389 [Test worker] INFO org.springframework.boot.test.context.SpringBootTestContextBootstrapper -- Found @SpringBootConfiguration com.telerik.filmforum.FilmForumApplication for test class com.telerik.filmforum.FilmForumApplicationTests
16:07:55.419 [Test worker] INFO org.springframework.test.context.support.AnnotationConfigContextLoaderUtils -- Could not detect default configuration classes for test class [com.telerik.filmforum.FilmForumApplicationTests]: FilmForumApplicationTests does not declare any static, non-private, non-final, nested classes annotated with @Configuration.
16:07:55.420 [Test worker] INFO org.springframework.boot.test.context.SpringBootTestContextBootstrapper -- Found @SpringBootConfiguration com.telerik.filmforum.FilmForumApplication for test class com.telerik.filmforum.FilmForumApplicationTests

  .   ____          _            __ _ _
 /\\ / ___'_ __ _ _(_)_ __  __ _ \ \ \ \
( ( )\___ | '_ | '_| | '_ \/ _` | \ \ \ \
 \\/  ___)| |_)| | | | | || (_| |  ) ) ) )
  '  |____| .__|_| |_|_| |_\__, | / / / /
 =========|_|==============|___/=/_/_/_/

 :: Spring Boot ::                (v4.1.0)

2026-06-18T16:07:55.528+03:00  INFO 6239 --- [film-forum] [    Test worker] c.t.filmforum.FilmForumApplicationTests  : Starting FilmForumApplicationTests using Java 17.0.17 with PID 6239 (started by gabrielakachura in /Users/gabrielakachura/codebase/film-forum)
2026-06-18T16:07:55.528+03:00  INFO 6239 --- [film-forum] [    Test worker] c.t.filmforum.FilmForumApplicationTests  : No active profile set, falling back to 1 default profile: "default"
2026-06-18T16:07:55.840+03:00  INFO 6239 --- [film-forum] [    Test worker] c.t.filmforum.FilmForumApplicationTests  : Started FilmForumApplicationTests in 0.396 seconds (process running for 0.848)
]]></system-out>
  <system-err><![CDATA[]]></system-err>
</testsuite>
